[2024-08-12 12:47:40,015] INFO     {datahub.cli.ingest_cli:149} - DataHub CLI version: 0.13.3.6
[2024-08-12 12:47:40,041] INFO     {datahub.ingestion.run.pipeline:272} - Sink configured successfully. DataHubRestEmitter: configured to talk to http://localhost:8080
[2024-08-12 12:47:40,998] INFO     {datahub.ingestion.run.pipeline:296} - Source configured successfully.
[2024-08-12 12:47:40,999] INFO     {datahub.cli.ingest_cli:130} - Starting metadata ingestion
[2024-08-12 12:47:41,445] INFO     {datahub.cli.ingest_cli:143} - Finished metadata ingestion

Cli report:
{'cli_version': '0.13.3.6',
 'cli_entry_location': 'C:\\Users\\nguye\\AppData\\Local\\Programs\\Python\\Python310\\lib\\site-packages\\datahub\\__init__.py',
 'models_version': 'bundled',
 'py_version': '3.10.10 (tags/v3.10.10:aad5f6a, Feb  7 2023, 17:20:36) [MSC v.1929 64 bit (AMD64)]',
 'py_exec_path': 'C:\\Users\\nguye\\AppData\\Local\\Programs\\Python\\Python310\\python.exe',
 'os_details': 'Windows-10-10.0.22631-SP0',
 'mem_info': '104.65 MB',
 'peak_memory_usage': '104.67 MB',
 'disk_info': {'total': '214.75 GB', 'used': '41.09 GB', 'used_initally': '41.09 GB', 'free': '173.65 GB'},
 'peak_disk_usage': '41.09 GB',
 'thread_count': 1,
 'peak_thread_count': 6}
Source (postgres) report:
{'num_tables_fetch_sample_values_failed': 0,
 'num_tables_classification_attempted': 0,
 'num_tables_classification_failed': 0,
 'num_tables_classification_found': 0,
 'info_types_detected': {},
 'events_produced': 23,
 'events_produced_per_sec': 17,
 'entities': {'container': ['urn:li:container:1033e660976f9835e3cefd1a7bf33240', 'urn:li:container:3811183cddc1145c7d89a69eb6f04347'],
              'dataset': ['urn:li:dataset:(urn:li:dataPlatform:postgres,bookstore.public.authors,PROD)',
                          'urn:li:dataset:(urn:li:dataPlatform:postgres,bookstore.public.books,PROD)',
                          'urn:li:dataset:(urn:li:dataPlatform:postgres,bookstore.public.customers,PROD)']},
 'aspects': {'container': {'containerProperties': 2, 'status': 2, 'dataPlatformInstance': 2, 'subTypes': 2, 'browsePathsV2': 2, 'container': 1},
             'dataset': {'container': 3, 'status': 3, 'datasetProperties': 3, 'schemaMetadata': 3, 'subTypes': 3, 'browsePathsV2': 3}},
 'aspect_urn_samples': {'container': {'containerProperties': ['urn:li:container:1033e660976f9835e3cefd1a7bf33240',
                                                              'urn:li:container:3811183cddc1145c7d89a69eb6f04347'],
                                      'status': ['urn:li:container:1033e660976f9835e3cefd1a7bf33240',
                                                 'urn:li:container:3811183cddc1145c7d89a69eb6f04347'],
                                      'dataPlatformInstance': ['urn:li:container:1033e660976f9835e3cefd1a7bf33240',
                                                               'urn:li:container:3811183cddc1145c7d89a69eb6f04347'],
                                      'subTypes': ['urn:li:container:1033e660976f9835e3cefd1a7bf33240',
                                                   'urn:li:container:3811183cddc1145c7d89a69eb6f04347'],
                                      'browsePathsV2': ['urn:li:container:1033e660976f9835e3cefd1a7bf33240',
                                                        'urn:li:container:3811183cddc1145c7d89a69eb6f04347'],
                                      'container': ['urn:li:container:3811183cddc1145c7d89a69eb6f04347']},
                        'dataset': {'container': ['urn:li:dataset:(urn:li:dataPlatform:postgres,bookstore.public.authors,PROD)',
                                                  'urn:li:dataset:(urn:li:dataPlatform:postgres,bookstore.public.books,PROD)',
                                                  'urn:li:dataset:(urn:li:dataPlatform:postgres,bookstore.public.customers,PROD)'],
                                    'status': ['urn:li:dataset:(urn:li:dataPlatform:postgres,bookstore.public.authors,PROD)',
                                               'urn:li:dataset:(urn:li:dataPlatform:postgres,bookstore.public.books,PROD)',
                                               'urn:li:dataset:(urn:li:dataPlatform:postgres,bookstore.public.customers,PROD)'],
                                    'datasetProperties': ['urn:li:dataset:(urn:li:dataPlatform:postgres,bookstore.public.authors,PROD)',
                                                          'urn:li:dataset:(urn:li:dataPlatform:postgres,bookstore.public.books,PROD)',
                                                          'urn:li:dataset:(urn:li:dataPlatform:postgres,bookstore.public.customers,PROD)'],
                                    'schemaMetadata': ['urn:li:dataset:(urn:li:dataPlatform:postgres,bookstore.public.authors,PROD)',
                                                       'urn:li:dataset:(urn:li:dataPlatform:postgres,bookstore.public.books,PROD)',
                                                       'urn:li:dataset:(urn:li:dataPlatform:postgres,bookstore.public.customers,PROD)'],
                                    'subTypes': ['urn:li:dataset:(urn:li:dataPlatform:postgres,bookstore.public.authors,PROD)',
                                                 'urn:li:dataset:(urn:li:dataPlatform:postgres,bookstore.public.books,PROD)',
                                                 'urn:li:dataset:(urn:li:dataPlatform:postgres,bookstore.public.customers,PROD)'],
                                    'browsePathsV2': ['urn:li:dataset:(urn:li:dataPlatform:postgres,bookstore.public.authors,PROD)',
                                                      'urn:li:dataset:(urn:li:dataPlatform:postgres,bookstore.public.books,PROD)',
                                                      'urn:li:dataset:(urn:li:dataPlatform:postgres,bookstore.public.customers,PROD)']}},
 'soft_deleted_stale_entities': [],
 'last_state_non_deletable_entities': [],
 'tables_scanned': 3,
 'views_scanned': 0,
 'entities_profiled': 0,
 'filtered': ['information_schema.*'],
 'num_view_definitions_parsed': 0,
 'num_view_definitions_failed_parsing': 0,
 'num_view_definitions_failed_column_parsing': 0,
 'view_definitions_parsing_failures': [],
 'start_time': '2024-08-12 12:47:40.582684 (1.28 seconds ago)',
 'running_time': '1.28 seconds',
 'failures': [],
 'warnings': [],
 'infos': []}
Sink (datahub-rest) report:
{'total_records_written': 26,
 'records_written_per_second': 14,
 'warnings': [],
 'failures': [],
 'start_time': '2024-08-12 12:47:40.034520 (1.83 seconds ago)',
 'current_time': '2024-08-12 12:47:41.862981 (now)',
 'total_duration_in_seconds': 1.83,
 'max_threads': 15,
 'gms_version': 'v0.13.3rc1',
 'pending_requests': 0,
 'main_thread_blocking_timer': '0.369 seconds'}

Pipeline finished successfully; produced 26 events in 1.28 seconds.
